[2017-09-25 10:01:49.780 GMT     1	INFO   	100404	Silo	10.1.10.102:0]	Silo starting with GC settings: ServerGC=False GCLatencyMode=Interactive	
[2017-09-25 10:01:49.786 GMT     1	WARNING	100405	Silo	10.1.10.102:0]	Note: Silo not running with ServerGC turned on or with GCLatencyMode.Batch enabled - recommend checking app config : <configuration>-<runtime>-<gcServer enabled="true"> and <configuration>-<runtime>-<gcConcurrent enabled="false"/>	
[2017-09-25 10:01:49.788 GMT     1	WARNING	100405	Silo	10.1.10.102:0]	Note: ServerGC only kicks in on multi-core systems (settings enabling ServerGC have no effect on single-core machines).	
[2017-09-25 10:01:49.789 GMT     1	INFO   	100403	Silo	10.1.10.102:0]	-------------- Initializing Secondary silo on host DESKTOP-0UHC7MM MachineName DESKTOP-0UHC7MM at 10.1.10.102:0, gen 244029709 --------------	
[2017-09-25 10:01:49.806 GMT     1	INFO   	100415	Silo	10.1.10.102:0]	Starting silo Default with the following configuration= 
Config File Name: E:\Others\OrleansDemo\Server\bin\Debug\OrleansConfiguration.xml
Host: DESKTOP-0UHC7MM
Start time: 2017-09-25 10:01:49.792 GMT
Primary node: null
Platform version info:
   Orleans version: 1.5.1.0 (Release).
   .NET version: 4.0.30319.42000
   OS version: Microsoft Windows NT 6.2.9200.0
   App config file: E:\Others\OrleansDemo\Server\bin\Debug\Server.exe.Config
   GC Type=Client GCLatencyMode=Interactive
Global configuration:
   System Ids:
      ServiceId: 00000000-0000-0000-0000-000000000000
      DeploymentId: 
   Subnet: 
   Seed nodes: 
   Messaging:
       Response timeout: 00:30:00
       Maximum resend count: 0
       Resend On Timeout: False
       Maximum Socket Age: 10675199.02:48:05.4775807
       Drop Expired Messages: True
       Silo Sender queues: 4
       Gateway Sender queues: 4
       Client Drop Timeout: 00:01:00
       Buffer Pool Buffer Size: 4096
       Buffer Pool Max Size: 10000
       Buffer Pool Preallocation Size: 250
       Maximum forward count: 2
       Fallback serializer: 
   Liveness:
      LivenessEnabled: True
      LivenessType: MembershipTableGrain
      ProbeTimeout: 00:00:10
      TableRefreshTimeout: 00:01:00
      DeathVoteExpirationTimeout: 00:02:00
      NumMissedProbesLimit: 3
      NumProbedSilos: 3
      NumVotesForDeathDeclaration: 2
      UseLivenessGossip: True
      ValidateInitialConnectivity: True
      IAmAliveTablePublishTimeout: 00:05:00
      NumMissedTableIAmAliveLimit: 2
      MaxJoinAttemptTime: 00:05:00
      ExpectedClusterSize: 20
   MultiClusterNetwork: N/A
   SystemStore:
      SystemStore ConnectionString: null
      Reminders ConnectionString: null
   Application:
      Defaults:
         Deactivate if idle for: 02:00:00

   PlacementStrategy: 
         Default Placement Strategy: RandomPlacement
         Deployment Load Publisher Refresh Time: 00:00:01
         Activation CountBased Placement Choose Out Of: 2
   Grain directory cache:
      Maximum size: 1000000 grains
      Initial TTL: 00:00:30
      Maximum TTL: 00:04:00
      TTL extension factor: 2.00
      Directory Caching Strategy: Adaptive
   Grain directory:
      Lazy deregistration delay: 00:01:00
      Client registration refresh: 00:05:00
   Reminder Service:
       ReminderServiceType: ReminderTableGrain
   Consistent Ring:
       Use Virtual Buckets Consistent Ring: True
       Num Virtual Buckets Consistent Ring: 30
   Providers:
       No providers configured.
Silo configuration:
   Silo Name: Default
   Generation: 244029709
   Host Name or IP Address: 
   DNS Host Name: DESKTOP-0UHC7MM
   Port: 0
   Subnet: 
   Preferred Address Family: InterNetwork
   IsGatewayNode: False
   IsPrimaryNode: False
   Scheduler: 
         Max Active Threads: 4
         Processor Count: 4
         Delay Warning Threshold: 00:00:10
         Activation Scheduling Quantum: 00:00:00.1000000
         Turn Warning Length Threshold: 00:00:00.2000000
         Inject More Worker Threads: False
         MinDotNetThreadPoolSize: 200
         .NET thread pool sizes - Min: Worker Threads=4 Completion Port Threads=4
         .NET thread pool sizes - Max: Worker Threads=2047 Completion Port Threads=1000
         .NET ServicePointManager - DefaultConnectionLimit=200 Expect100Continue=False UseNagleAlgorithm=False
   Load Shedding Enabled: False
   Load Shedding Limit: 95
   SiloShutdownEventName: 
   Debug: 
   Tracing: 
     Default Trace Level: Info
     TraceLevelOverrides: None
     Trace to Console: True
     Trace File Name: E:\Others\OrleansDemo\Server\bin\Debug\Default-2017-09-25-10.01.49.607Z.log
     LargeMessageWarningThreshold: 85000
     PropagateActivityId: False
     BulkMessageLimit: 5
   Statistics: 
     MetricsTableWriteInterval: 00:00:30
     PerfCounterWriteInterval: 00:00:30
     LogWriteInterval: 00:05:00
     WriteLogStatisticsToTable: True
     StatisticsCollectionLevel: Info

	
[2017-09-25 10:01:49.827 GMT     1	ERROR  	100105	OrleansSiloHost	10.1.10.102:0]	!!!!!!!!!! ERROR starting Orleans silo name=Default Exception=
Exc level 0: System.MissingMethodException: 找不到方法:“System.IServiceProvider Microsoft.Extensions.DependencyInjection.ServiceCollectionContainerBuilderExtensions.BuildServiceProvider(Microsoft.Extensions.DependencyInjection.IServiceCollection)”。
   在 Orleans.Runtime.Startup.StartupBuilder.ConfigureStartup(String startupTypeName, IServiceCollection serviceCollection)
   在 Orleans.Runtime.Silo..ctor(SiloInitializationParameters initializationParams)
   在 Orleans.Runtime.Host.SiloHost.InitializeOrleansSilo()	
Exc level 0: System.MissingMethodException: 找不到方法:“System.IServiceProvider Microsoft.Extensions.DependencyInjection.ServiceCollectionContainerBuilderExtensions.BuildServiceProvider(Microsoft.Extensions.DependencyInjection.IServiceCollection)”。
   在 Orleans.Runtime.Startup.StartupBuilder.ConfigureStartup(String startupTypeName, IServiceCollection serviceCollection)
   在 Orleans.Runtime.Silo..ctor(SiloInitializationParameters initializationParams)
   在 Orleans.Runtime.Host.SiloHost.InitializeOrleansSilo()
[2017-09-25 10:01:49.842 GMT     1	ERROR  	100105	OrleansSiloHost	10.1.10.102:0]	!!!!!!!!!! ERROR starting Orleans silo name=Default Exception=
Exc level 0: System.InvalidOperationException: Cannot start silo Default due to prior initialization error
   在 Orleans.Runtime.Host.SiloHost.StartOrleansSilo(Boolean catchExceptions)	
Exc level 0: System.InvalidOperationException: Cannot start silo Default due to prior initialization error
   在 Orleans.Runtime.Host.SiloHost.StartOrleansSilo(Boolean catchExceptions)
